{
  "0 debug pnpm:scope": {
    "selected": 1
  },
  "1 debug pnpm:package-manifest": {
    "initial": {
      "name": "myapp",
      "version": "1.0.0",
      "description": "",
      "main": "index.js",
      "scripts": {
        "test": "echo \"Error: no test specified\" && exit 1"
      },
      "keywords": [],
      "author": "",
      "license": "ISC"
    },
    "prefix": "/home/workspace/nodejs/sessions/Introduction-to-Express-JS/myapp"
  },
  "2 debug pnpm:context": {
    "currentLockfileExists": false,
    "storeDir": "/home/workspace/.pnpm-store/v3",
    "virtualStoreDir": "/home/workspace/nodejs/sessions/Introduction-to-Express-JS/myapp/node_modules/.pnpm"
  },
  "3 debug pnpm:stage": {
    "prefix": "/home/workspace/nodejs/sessions/Introduction-to-Express-JS/myapp",
    "stage": "resolution_started"
  },
  "4 debug pnpm:request-retry": {
    "attempt": 1,
    "error": {
      "type": "system",
      "errno": "ENOTFOUND",
      "code": "ENOTFOUND",
      "erroredSysCall": "getaddrinfo"
    },
    "maxRetries": 2,
    "method": "GET",
    "timeout": 10000,
    "url": "https://registry.npmjs.org/express"
  },
  "5 debug pnpm:request-retry": {
    "attempt": 2,
    "error": {
      "type": "system",
      "errno": "ENOTFOUND",
      "code": "ENOTFOUND",
      "erroredSysCall": "getaddrinfo"
    },
    "maxRetries": 2,
    "method": "GET",
    "timeout": 60000,
    "url": "https://registry.npmjs.org/express"
  },
  "6 error pnpm": {
    "code": "ERR_PNPM_META_FETCH_FAIL",
    "attempts": 1,
    "pkgsStack": [],
    "err": {
      "name": "pnpm",
      "message": "GET https://registry.npmjs.org/express: request to https://registry.npmjs.org/express failed, reason: getaddrinfo ENOTFOUND registry.npmjs.org",
      "code": "ERR_PNPM_META_FETCH_FAIL",
      "stack": "pnpm: GET https://registry.npmjs.org/express: request to https://registry.npmjs.org/express failed, reason: getaddrinfo ENOTFOUND registry.npmjs.org\n    at RetryOperation._fn (/usr/local/lib/node_modules/pnpm/dist/pnpm.cjs:85807:19)\n    at processTicksAndRejections (internal/process/task_queues.js:95:5)"
    }
  }
}